<?xml version="1.0" encoding="UTF-8"?>
<testsuite name="TriangleTest" tests="19" skipped="0" failures="0" errors="0" timestamp="2022-01-13T04:55:36" hostname="DESKTOP-ANJ57AI" time="0.027">
  <properties/>
  <testcase name="verySmallTrianglesCanBeEquilateral" classname="TriangleTest" time="0.006"/>
  <testcase name="isoscelesTrianglesHaveLastTwoSidesEqual" classname="TriangleTest" time="0.001"/>
  <testcase name="trianglesWithOneUnequalSideAreNotEquilateral" classname="TriangleTest" time="0.0"/>
  <testcase name="scaleneTrianglesHaveNoEqualSides" classname="TriangleTest" time="0.0"/>
  <testcase name="trianglesWithNoEqualSidesAreNotEquilateral" classname="TriangleTest" time="0.0"/>
  <testcase name="isoscelesTrianglesHaveFirstAndLastSidesEqual" classname="TriangleTest" time="0.0"/>
  <testcase name="mayNotViolateTriangleInequality" classname="TriangleTest" time="0.003"/>
  <testcase name="firstTriangleInequalityViolation" classname="TriangleTest" time="0.001"/>
  <testcase name="twoSidesEqualAreNotScalene" classname="TriangleTest" time="0.0"/>
  <testcase name="thirdTriangleInequalityViolation" classname="TriangleTest" time="0.001"/>
  <testcase name="allSidesEqualAreNotScalene" classname="TriangleTest" time="0.0"/>
  <testcase name="equilateralTrianglesHaveEqualSides" classname="TriangleTest" time="0.0"/>
  <testcase name="trianglesWithNoSizeAreIllegal" classname="TriangleTest" time="0.002"/>
  <testcase name="isoscelesTrianglesHaveTwoFirstSidesEqual" classname="TriangleTest" time="0.0"/>
  <testcase name="equilateralTrianglesAreAlsoIsosceles" classname="TriangleTest" time="0.0"/>
  <testcase name="verySmallTrianglesCanBeIsosceles" classname="TriangleTest" time="0.002"/>
  <testcase name="noSidesAreEqualCantBeIsoceles" classname="TriangleTest" time="0.004"/>
  <testcase name="secondTriangleInequalityViolation" classname="TriangleTest" time="0.001"/>
  <testcase name="verySmallTrianglesCanBeScalene" classname="TriangleTest" time="0.0"/>
  <system-out><![CDATA[]]></system-out>
  <system-err><![CDATA[]]></system-err>
</testsuite>
